-0.0 -0.0 
0.6123677735299016 970.5109245837745 
1.4767959978638159 2258.691748160715 
2.6906388374915764 3920.2862772948706 
4.415513241355918 5927.164926324005 
6.5387656994739825 7859.536578840183 
9.206402716038916 9703.609587384639 
12.555703844479714 11455.16361066006 
16.682854198828366 13046.78379117135 
21.65049489021995 14371.694855707241 
27.5108570705417 15436.500082680801 
33.176969579879184 16163.21473498507 
38.53046803132296 16634.771226862795 
44.41509132232339 16915.43009097377 
48.94447227755956 16949.150883850107 
52.47074405850125 16856.003371849103 
56.35197809351101 16619.963962759786 
60.48230186419098 16142.292692751336 
62.28705331877711 14373.683303804424 
64.57963674067962 13171.960657775839 
67.6221253318006 12391.05946995828 
70.76402927540461 11721.136716693072 
74.4453161765651 10973.676077032833 
78.1547629466117 9819.35430412645 
81.79453751126312 8626.935041387274 
86.27313607607833 7319.807181339698 
91.62854790038719 5858.437393714477 
98.0557183701913 4266.548533227615 
104.57119588332029 2859.238378915208 
111.16462534812624 1657.3902143286086 
117.8101202714286 694.2295704646549 
124.48428603115822 48.426094740072585 
131.19119384306373 -83.66064395111789 
138.0385504820245 770.2265318124555 
144.73523324401685 -192.18977909704518 
146.26761182757105 -10103.255198993193 
154.88019206044768 -9820.76160942204 
162.40735112519866 -7278.910472761407 
167.0867371005881 -4647.478635548045 
171.889776274263 -768.5447940812264 
176.77052979436496 4966.602969187865 
181.61576828203573 13580.758256964333 
186.21237624193822 26762.843262005543 
