-0.0 -0.0 
0.6131913546758094 967.9701057169217 
1.4869242870835158 2232.470079342952 
2.7371451883001017 3828.3696483523904 
4.540358364386221 5746.712551086446 
7.17964029961933 7911.973014212865 
10.477076636425734 9885.041621426997 
14.61533368008655 11690.59727179369 
19.762850647131327 13391.378032630671 
26.024435351303506 15048.063317727467 
33.35989653255886 16654.927962266247 
40.18385731651438 17840.772446154835 
46.122804319214545 18479.43745183114 
50.976047133114704 18485.831900737183 
54.763005675857926 17887.858807668716 
57.614301537776164 16780.93818521902 
59.63065236601307 15246.064016788658 
60.78844911444165 13292.517511099479 
60.86522495289345 10818.041758310594 
59.735929847078694 8158.947383323776 
58.37633182953787 6244.158834461235 
56.45734189334362 4040.6976617487053 
54.51095658697486 1964.674391091301 
53.10643271725558 395.61241993478507 
51.87584877424045 -1225.777923562484 
51.03689772822234 -2859.1569489899302 
50.77441075108713 -4742.6217489211795 
51.31609350642692 -6424.6491910161285 
52.45336472549758 -7761.3753856607445 
54.00486910134292 -8695.862696748518 
55.87677400375764 -9235.130655593684 
58.43942267704693 -9420.34835113337 
61.8469785766044 -9128.628113080806 
66.22104400635085 -8275.561013033755 
70.74201545356681 -7057.093548745424 
75.23999346136263 -5551.035228857151 
79.588672727202 -3705.024607500378 
83.69746410169527 -1277.9941480750322 
87.51800824199543 2454.946243084314 
91.1195695418789 10604.940872973395 
100.27877751286195 1358891.3104662374 
